<?xml version="1.0" encoding="utf-8" standalone="no"?>
<!--This file represents the results of running a test suite-->
<test-results name="/home/reginaldo/Documents/work/c#/bitcoin-dotnet-api-client/src/AStar.Test/bin/Debug/AStar.Test.dll" total="27" errors="0" failures="0" not-run="0" inconclusive="0" ignored="0" skipped="0" invalid="0" date="2017-06-02" time="19:22:09">
  <environment nunit-version="2.6.4.14350" clr-version="4.0.30319.42000" os-version="Unix 4.8.0.52" platform="Unix" cwd="/home/reginaldo/Documents/work/c#/bitcoin-dotnet-api-client" machine-name="reginaldo" user="reginaldo" user-domain="reginaldo" />
  <culture-info current-culture="en-US" current-uiculture="en-US" />
  <test-suite type="Assembly" name="/home/reginaldo/Documents/work/c#/bitcoin-dotnet-api-client/src/AStar.Test/bin/Debug/AStar.Test.dll" executed="True" result="Success" success="True" time="2.292" asserts="0">
    <results>
      <test-suite type="Namespace" name="AStar" executed="True" result="Success" success="True" time="2.287" asserts="0">
        <results>
          <test-suite type="Namespace" name="Test" executed="True" result="Success" success="True" time="2.287" asserts="0">
            <results>
              <test-suite type="TestFixture" name="SearchApiTests" executed="True" result="Success" success="True" time="2.268" asserts="0">
                <results>
                  <test-case name="AStar.Test.SearchApiTests.InstanceTest" executed="True" result="Success" success="True" time="1.364" asserts="0" />
                  <test-case name="AStar.Test.SearchApiTests.SearchByAPIIDTest" executed="True" result="Success" success="True" time="0.895" asserts="1" />
                  <test-case name="AStar.Test.SearchApiTests.SearchByContentTest" executed="True" result="Success" success="True" time="0.000" asserts="0" />
                  <test-case name="AStar.Test.SearchApiTests.SearchByHashTest" executed="True" result="Success" success="True" time="0.000" asserts="0" />
                </results>
              </test-suite>
              <test-suite type="TestFixture" name="SendApiTests" executed="True" result="Success" success="True" time="0.003" asserts="0">
                <results>
                  <test-case name="AStar.Test.SendApiTests.InstanceTest" executed="True" result="Success" success="True" time="0.001" asserts="0" />
                  <test-case name="AStar.Test.SendApiTests.SendFileTest" executed="True" result="Success" success="True" time="0.000" asserts="0" />
                  <test-case name="AStar.Test.SendApiTests.SendHashTest" executed="True" result="Success" success="True" time="0.000" asserts="0" />
                  <test-case name="AStar.Test.SendApiTests.SendPayAddressTest" executed="True" result="Success" success="True" time="0.000" asserts="0" />
                  <test-case name="AStar.Test.SendApiTests.SendStringTest" executed="True" result="Success" success="True" time="0.000" asserts="0" />
                </results>
              </test-suite>
              <test-suite type="TestFixture" name="SingleResultTests" executed="True" result="Success" success="True" time="0.002" asserts="0">
                <results>
                  <test-case name="AStar.Test.SingleResultTests.ErrorTest" executed="True" result="Success" success="True" time="0.000" asserts="0" />
                  <test-case name="AStar.Test.SingleResultTests.ResultTest" executed="True" result="Success" success="True" time="0.000" asserts="0" />
                  <test-case name="AStar.Test.SingleResultTests.SingleResultInstanceTest" executed="True" result="Success" success="True" time="0.000" asserts="0" />
                </results>
              </test-suite>
              <test-suite type="TestFixture" name="TransactionTests" executed="True" result="Success" success="True" time="0.008" asserts="0">
                <results>
                  <test-case name="AStar.Test.TransactionTests.AmountTest" executed="True" result="Success" success="True" time="0.000" asserts="0" />
                  <test-case name="AStar.Test.TransactionTests.BlockchaincreationdateTest" executed="True" result="Success" success="True" time="0.000" asserts="0" />
                  <test-case name="AStar.Test.TransactionTests.CoinTest" executed="True" result="Success" success="True" time="0.000" asserts="0" />
                  <test-case name="AStar.Test.TransactionTests.ConfirmationdateTest" executed="True" result="Success" success="True" time="0.000" asserts="0" />
                  <test-case name="AStar.Test.TransactionTests.ConfirmationsTest" executed="True" result="Success" success="True" time="0.000" asserts="0" />
                  <test-case name="AStar.Test.TransactionTests.CreationdateTest" executed="True" result="Success" success="True" time="0.000" asserts="0" />
                  <test-case name="AStar.Test.TransactionTests.DataTest" executed="True" result="Success" success="True" time="0.000" asserts="0" />
                  <test-case name="AStar.Test.TransactionTests.ErrormessageTest" executed="True" result="Success" success="True" time="0.000" asserts="0" />
                  <test-case name="AStar.Test.TransactionTests.FeepriorityTest" executed="True" result="Success" success="True" time="0.000" asserts="0" />
                  <test-case name="AStar.Test.TransactionTests.FeeTest" executed="True" result="Success" success="True" time="0.000" asserts="0" />
                  <test-case name="AStar.Test.TransactionTests.TestTest" executed="True" result="Success" success="True" time="0.000" asserts="0" />
                  <test-case name="AStar.Test.TransactionTests.TransactionInstanceTest" executed="True" result="Success" success="True" time="0.000" asserts="0" />
                  <test-case name="AStar.Test.TransactionTests.TxhexTest" executed="True" result="Success" success="True" time="0.000" asserts="0" />
                  <test-case name="AStar.Test.TransactionTests.TxidTest" executed="True" result="Success" success="True" time="0.000" asserts="0" />
                  <test-case name="AStar.Test.TransactionTests.TxsizeTest" executed="True" result="Success" success="True" time="0.000" asserts="0" />
                </results>
              </test-suite>
            </results>
          </test-suite>
        </results>
      </test-suite>
    </results>
  </test-suite>
</test-results>